<?xml version="1.0" encoding="UTF-8"?>
<testng-results skipped="0" failed="0" ignored="0" total="1" passed="1">
  <reporter-output>
  </reporter-output>
  <suite name="Default suite" duration-ms="112140" started-at="2017-08-10T06:47:41Z" finished-at="2017-08-10T06:49:33Z">
    <groups>
    </groups>
    <test name="Default test" duration-ms="112140" started-at="2017-08-10T06:47:41Z" finished-at="2017-08-10T06:49:33Z">
      <class name="com.LimelightHealtQA.LimelightProjectCarlos.AmazonTest">
        <test-method status="PASS" signature="TestAmazon()[pri:0, instance:com.LimelightHealtQA.LimelightProjectCarlos.AmazonTest@bf9759]" name="TestAmazon" duration-ms="112039" started-at="2017-08-10T01:47:41Z" finished-at="2017-08-10T01:49:33Z">
          <reporter-output>
          </reporter-output>
        </test-method> <!-- TestAmazon -->
        <test-method status="PASS" signature="TearDown()[pri:0, instance:com.LimelightHealtQA.LimelightProjectCarlos.AmazonTest@bf9759]" name="TearDown" is-config="true" duration-ms="0" started-at="2017-08-10T01:49:33Z" finished-at="2017-08-10T01:49:33Z">
          <reporter-output>
          </reporter-output>
        </test-method> <!-- TearDown -->
      </class> <!-- com.LimelightHealtQA.LimelightProjectCarlos.AmazonTest -->
    </test> <!-- Default test -->
  </suite> <!-- Default suite -->
</testng-results>
