<?xml version="1.0" encoding="UTF-8"?>
<testng-results skipped="0" failed="0" ignored="0" total="1" passed="1">
  <reporter-output>
  </reporter-output>
  <suite name="Default suite" duration-ms="138676" started-at="2017-08-12T00:16:51Z" finished-at="2017-08-12T00:19:09Z">
    <groups>
    </groups>
    <test name="Default test" duration-ms="138676" started-at="2017-08-12T00:16:51Z" finished-at="2017-08-12T00:19:09Z">
      <class name="com.LimelightHealtQA.LimelightProjectCarlos.AmazonTest">
        <test-method status="PASS" signature="TestAmazon()[pri:0, instance:com.LimelightHealtQA.LimelightProjectCarlos.AmazonTest@bf9759]" name="TestAmazon" duration-ms="138549" started-at="2017-08-11T19:16:51Z" finished-at="2017-08-11T19:19:09Z">
          <reporter-output>
          </reporter-output>
        </test-method> <!-- TestAmazon -->
        <test-method status="PASS" signature="TearDown()[pri:0, instance:com.LimelightHealtQA.LimelightProjectCarlos.AmazonTest@bf9759]" name="TearDown" is-config="true" duration-ms="1" started-at="2017-08-11T19:19:09Z" finished-at="2017-08-11T19:19:09Z">
          <reporter-output>
          </reporter-output>
        </test-method> <!-- TearDown -->
      </class> <!-- com.LimelightHealtQA.LimelightProjectCarlos.AmazonTest -->
    </test> <!-- Default test -->
  </suite> <!-- Default suite -->
</testng-results>
